2026-06-06 07:43:20,991 | INFO | hidden_dim: 15 | reg: 0.005 | lr: 0.016 | iter: 1 | iter_b: 15
Dataset size: 4596577 | Train: 459657 | Validation: 459657 | Test: 3677263
2026-06-06 07:43:21,432 | INFO | Iniciando BSGD federado
2026-06-06 07:43:27,991 | INFO | [BATCH] Epoch 1/15 | Time=7.00s
2026-06-06 07:43:33,426 | INFO | [BATCH Agg 1] obs=689475 | Time=12.43s
2026-06-06 07:43:36,714 | INFO | [BATCH] Epoch 2/15 | Time=15.72s
2026-06-06 07:43:45,500 | INFO | [BATCH Agg 2] obs=1378950 | Time=24.51s
2026-06-06 07:43:45,501 | INFO | [BATCH] Epoch 3/15 | Time=24.51s
2026-06-06 07:43:51,223 | INFO | [BATCH] Epoch 4/15 | Time=30.23s
2026-06-06 07:43:55,822 | INFO | [BATCH Agg 3] obs=2068425 | Time=34.83s
2026-06-06 07:43:59,107 | INFO | [BATCH] Epoch 5/15 | Time=38.11s
2026-06-06 07:44:07,888 | INFO | [BATCH Agg 4] obs=2757900 | Time=46.90s
2026-06-06 07:44:07,889 | INFO | [BATCH] Epoch 6/15 | Time=46.90s
2026-06-06 07:44:14,458 | INFO | [BATCH] Epoch 7/15 | Time=53.47s
2026-06-06 07:44:19,889 | INFO | [BATCH Agg 5] obs=3447375 | Time=58.90s
2026-06-06 07:44:23,142 | INFO | [BATCH] Epoch 8/15 | Time=62.15s
2026-06-06 07:44:31,892 | INFO | [BATCH Agg 6] obs=4136850 | Time=70.90s
2026-06-06 07:44:31,893 | INFO | [BATCH] Epoch 9/15 | Time=70.90s
2026-06-06 07:44:38,497 | INFO | [BATCH] Epoch 10/15 | Time=77.50s
2026-06-06 07:44:43,896 | INFO | [BATCH Agg 7] obs=4826325 | Time=82.90s
2026-06-06 07:44:47,215 | INFO | [BATCH] Epoch 11/15 | Time=86.22s
2026-06-06 07:44:55,829 | INFO | [BATCH Agg 8] obs=5515800 | Time=94.84s
2026-06-06 07:44:55,830 | INFO | [BATCH] Epoch 12/15 | Time=94.84s
2026-06-06 07:45:00,773 | INFO | [BATCH] Epoch 13/15 | Time=99.78s
2026-06-06 07:45:04,674 | INFO | [BATCH Agg 9] obs=6205275 | Time=103.68s
2026-06-06 07:45:06,925 | INFO | [BATCH] Epoch 14/15 | Time=105.93s
2026-06-06 07:45:13,483 | INFO | [BATCH Agg 10] obs=6894750 | Time=112.49s
2026-06-06 07:45:13,484 | INFO | [BATCH] Epoch 15/15 | Time=112.49s
2026-06-06 07:45:13,593 | INFO | [BATCH Agg final 11] Time=112.60s
2026-06-06 07:45:13,647 | INFO | Iniciando ISGD federado
2026-06-06 07:45:16,411 | INFO | [VALIDATION] Processed=10000 | AvgUserTime=0.000275s | BlockTime=114.975013s | TotalTime=115.416566s | HR@20=0.0102
2026-06-06 07:45:19,116 | INFO | [VALIDATION] Processed=20000 | AvgUserTime=0.000270s | BlockTime=2.705786s | TotalTime=118.121941s | HR@20=0.0091
2026-06-06 07:45:21,704 | INFO | [VALIDATION] Processed=30000 | AvgUserTime=0.000258s | BlockTime=2.588209s | TotalTime=120.710143s | HR@20=0.0080
2026-06-06 07:45:24,422 | INFO | [VALIDATION] Processed=40000 | AvgUserTime=0.000271s | BlockTime=2.717916s | TotalTime=123.428211s | HR@20=0.0076
2026-06-06 07:45:26,900 | INFO | [Agg 1] AggTime=0.780988s | Time=125.46s
2026-06-06 07:45:27,914 | INFO | [VALIDATION] Processed=50000 | AvgUserTime=0.000266s | BlockTime=3.492097s | TotalTime=126.920122s | HR@20=0.0071
2026-06-06 07:45:30,481 | INFO | [VALIDATION] Processed=60000 | AvgUserTime=0.000256s | BlockTime=2.566588s | TotalTime=129.486764s | HR@20=0.0069
2026-06-06 07:45:33,146 | INFO | [VALIDATION] Processed=70000 | AvgUserTime=0.000266s | BlockTime=2.664694s | TotalTime=132.151470s | HR@20=0.0067
2026-06-06 07:45:35,761 | INFO | [VALIDATION] Processed=80000 | AvgUserTime=0.000261s | BlockTime=2.614803s | TotalTime=134.766365s | HR@20=0.0064
2026-06-06 07:45:38,577 | INFO | [VALIDATION] Processed=90000 | AvgUserTime=0.000281s | BlockTime=2.815995s | TotalTime=137.582249s | HR@20=0.0063
2026-06-06 07:45:40,052 | INFO | [Agg 2] AggTime=0.897665s | Time=13.15s
2026-06-06 07:45:42,150 | INFO | [VALIDATION] Processed=100000 | AvgUserTime=0.000261s | BlockTime=3.573480s | TotalTime=141.155799s | HR@20=0.0063
2026-06-06 07:45:44,841 | INFO | [VALIDATION] Processed=110000 | AvgUserTime=0.000268s | BlockTime=2.690473s | TotalTime=143.846273s | HR@20=0.0064
2026-06-06 07:45:47,476 | INFO | [VALIDATION] Processed=120000 | AvgUserTime=0.000263s | BlockTime=2.635179s | TotalTime=146.481435s | HR@20=0.0064
2026-06-06 07:45:50,030 | INFO | [VALIDATION] Processed=130000 | AvgUserTime=0.000254s | BlockTime=2.553239s | TotalTime=149.034936s | HR@20=0.0065
2026-06-06 07:45:53,265 | INFO | [Agg 3] AggTime=0.830858s | Time=13.21s
2026-06-06 07:45:53,898 | INFO | [VALIDATION] Processed=140000 | AvgUserTime=0.000300s | BlockTime=3.868996s | TotalTime=152.903658s | HR@20=0.0065
2026-06-06 07:45:56,871 | INFO | [VALIDATION] Processed=150000 | AvgUserTime=0.000296s | BlockTime=2.972417s | TotalTime=155.876344s | HR@20=0.0066
2026-06-06 07:45:59,932 | INFO | [VALIDATION] Processed=160000 | AvgUserTime=0.000305s | BlockTime=3.060591s | TotalTime=158.937348s | HR@20=0.0067
2026-06-06 07:46:03,024 | INFO | [VALIDATION] Processed=170000 | AvgUserTime=0.000308s | BlockTime=3.092340s | TotalTime=162.029317s | HR@20=0.0068
2026-06-06 07:46:06,030 | INFO | [VALIDATION] Processed=180000 | AvgUserTime=0.000300s | BlockTime=3.006448s | TotalTime=165.035409s | HR@20=0.0068
2026-06-06 07:46:08,131 | INFO | [Agg 4] AggTime=0.900344s | Time=14.87s
2026-06-06 07:46:10,012 | INFO | [VALIDATION] Processed=190000 | AvgUserTime=0.000303s | BlockTime=3.980857s | TotalTime=169.016606s | HR@20=0.0070
2026-06-06 07:46:13,056 | INFO | [VALIDATION] Processed=200000 | AvgUserTime=0.000303s | BlockTime=3.044143s | TotalTime=172.060748s | HR@20=0.0071
2026-06-06 07:46:16,047 | INFO | [VALIDATION] Processed=210000 | AvgUserTime=0.000298s | BlockTime=2.990904s | TotalTime=175.051417s | HR@20=0.0071
2026-06-06 07:46:19,033 | INFO | [VALIDATION] Processed=220000 | AvgUserTime=0.000298s | BlockTime=2.985998s | TotalTime=178.037378s | HR@20=0.0072
2026-06-06 07:46:23,170 | INFO | [Agg 5] AggTime=1.003530s | Time=15.04s
2026-06-06 07:46:23,227 | INFO | [VALIDATION] Processed=230000 | AvgUserTime=0.000314s | BlockTime=4.194704s | TotalTime=182.232026s | HR@20=0.0073
2026-06-06 07:46:26,192 | INFO | [VALIDATION] Processed=240000 | AvgUserTime=0.000296s | BlockTime=2.964638s | TotalTime=185.196686s | HR@20=0.0073
2026-06-06 07:46:29,191 | INFO | [VALIDATION] Processed=250000 | AvgUserTime=0.000299s | BlockTime=2.998573s | TotalTime=188.195503s | HR@20=0.0073
2026-06-06 07:46:32,185 | INFO | [VALIDATION] Processed=260000 | AvgUserTime=0.000298s | BlockTime=2.994439s | TotalTime=191.189716s | HR@20=0.0073
2026-06-06 07:46:35,183 | INFO | [VALIDATION] Processed=270000 | AvgUserTime=0.000299s | BlockTime=2.997599s | TotalTime=194.187327s | HR@20=0.0073
2026-06-06 07:46:38,007 | INFO | [Agg 6] AggTime=1.051365s | Time=14.84s
2026-06-06 07:46:39,279 | INFO | [VALIDATION] Processed=280000 | AvgUserTime=0.000300s | BlockTime=4.096092s | TotalTime=198.283411s | HR@20=0.0073
2026-06-06 07:46:42,503 | INFO | [VALIDATION] Processed=290000 | AvgUserTime=0.000321s | BlockTime=3.223368s | TotalTime=201.506713s | HR@20=0.0074
2026-06-06 07:46:45,514 | INFO | [VALIDATION] Processed=300000 | AvgUserTime=0.000300s | BlockTime=3.011647s | TotalTime=204.518431s | HR@20=0.0075
2026-06-06 07:46:48,561 | INFO | [VALIDATION] Processed=310000 | AvgUserTime=0.000304s | BlockTime=3.046221s | TotalTime=207.564555s | HR@20=0.0076
2026-06-06 07:46:51,567 | INFO | [VALIDATION] Processed=320000 | AvgUserTime=0.000300s | BlockTime=3.006234s | TotalTime=210.570786s | HR@20=0.0076
2026-06-06 07:46:53,198 | INFO | [Agg 7] AggTime=1.079421s | Time=15.19s
2026-06-06 07:46:55,687 | INFO | [VALIDATION] Processed=330000 | AvgUserTime=0.000300s | BlockTime=4.120318s | TotalTime=214.691104s | HR@20=0.0076
2026-06-06 07:46:58,693 | INFO | [VALIDATION] Processed=340000 | AvgUserTime=0.000300s | BlockTime=3.005353s | TotalTime=217.696776s | HR@20=0.0077
2026-06-06 07:47:01,453 | INFO | [VALIDATION] Processed=350000 | AvgUserTime=0.000275s | BlockTime=2.760271s | TotalTime=220.456813s | HR@20=0.0077
2026-06-06 07:47:04,178 | INFO | [VALIDATION] Processed=360000 | AvgUserTime=0.000271s | BlockTime=2.724292s | TotalTime=223.181244s | HR@20=0.0076
2026-06-06 07:47:07,554 | INFO | [Agg 8] AggTime=1.315275s | Time=14.36s
2026-06-06 07:47:08,180 | INFO | [VALIDATION] Processed=370000 | AvgUserTime=0.000263s | BlockTime=4.002351s | TotalTime=227.183439s | HR@20=0.0077
2026-06-06 07:47:10,817 | INFO | [VALIDATION] Processed=380000 | AvgUserTime=0.000263s | BlockTime=2.637006s | TotalTime=229.820417s | HR@20=0.0076
2026-06-06 07:47:13,551 | INFO | [VALIDATION] Processed=390000 | AvgUserTime=0.000272s | BlockTime=2.733875s | TotalTime=232.554359s | HR@20=0.0076
2026-06-06 07:47:16,154 | INFO | [VALIDATION] Processed=400000 | AvgUserTime=0.000259s | BlockTime=2.602722s | TotalTime=235.157291s | HR@20=0.0076
2026-06-06 07:47:18,911 | INFO | [VALIDATION] Processed=410000 | AvgUserTime=0.000275s | BlockTime=2.756856s | TotalTime=237.913902s | HR@20=0.0077
2026-06-06 07:47:21,006 | INFO | [Agg 9] AggTime=1.055437s | Time=13.45s
2026-06-06 07:47:22,669 | INFO | [VALIDATION] Processed=420000 | AvgUserTime=0.000265s | BlockTime=3.758483s | TotalTime=241.672345s | HR@20=0.0076
2026-06-06 07:47:25,442 | INFO | [VALIDATION] Processed=430000 | AvgUserTime=0.000276s | BlockTime=2.773168s | TotalTime=244.445478s | HR@20=0.0076
2026-06-06 07:47:28,065 | INFO | [VALIDATION] Processed=440000 | AvgUserTime=0.000261s | BlockTime=2.622451s | TotalTime=247.068267s | HR@20=0.0076
2026-06-06 07:47:30,734 | INFO | [VALIDATION] Processed=450000 | AvgUserTime=0.000266s | BlockTime=2.669352s | TotalTime=249.737381s | HR@20=0.0077
2026-06-06 07:47:35,001 | INFO | [Agg 10] AggTime=1.515001s | Time=14.00s
2026-06-06 07:47:35,007 | INFO | HR@20: 0.0077
2026-06-06 07:47:35,032 | INFO | User Average Time: 0.000283
2026-06-06 07:47:35,032 | INFO | Total Aggregations: 10
2026-06-06 07:47:35,032 | INFO | Average Aggregation Time: 1.042988s
2026-06-06 07:47:35,033 | INFO | Total Time: 254.0356 seconds
